<?xml version="1.0" encoding="UTF-8"?>
<!-- Generated by org.testng.reporters.JUnitXMLReporter -->
<testsuite hostname="MT-5CG1057HYC" failures="0" tests="3" name="ChromeTest" time="15.582" errors="0" timestamp="26 Jun 2022 09:45:57 GMT">
  <testcase classname="testscripts.TestSwagLabs" name="Data" time="1.177"/>
  <testcase classname="testscripts.TestSwagLabs" name="Login" time="4.19"/>
  <testcase classname="testscripts.TestSwagLabs" name="OrderProduct" time="5.045"/>
</testsuite> <!-- ChromeTest -->
