<?xml version="1.0" encoding="UTF-8"?>
<!-- Generated by org.testng.reporters.JUnitXMLReporter -->
<testsuite hostname="MT-5CG1057HYC" failures="0" tests="4" name="ChromeTest" time="12.268" errors="0" timestamp="27 Jun 2022 08:21:01 GMT">
  <testcase classname="testscripts.TestSwagLabs" name="OpenBrowser" time="2.12"/>
  <testcase classname="testscripts.TestSwagLabs" name="TestData" time="0.585"/>
  <testcase classname="testscripts.TestSwagLabs" name="Login" time="2.495"/>
  <testcase classname="testscripts.TestSwagLabs" name="OrderaProduct" time="3.92"/>
</testsuite> <!-- ChromeTest -->
