<?xml version="1.0" encoding="UTF-8"?>
<!-- Generated by org.testng.reporters.JUnitXMLReporter -->
<testsuite hostname="MT-5CG1057HYC" failures="0" tests="3" name="FirefoxTest" time="16.117" errors="0" timestamp="26 Jun 2022 09:46:13 GMT">
  <testcase classname="testscripts.TestSwagLabs" name="Data" time="0.072"/>
  <testcase classname="testscripts.TestSwagLabs" name="Login" time="4.244"/>
  <testcase classname="testscripts.TestSwagLabs" name="OrderProduct" time="4.928"/>
</testsuite> <!-- FirefoxTest -->
