<?xml version="1.0" encoding="UTF-8"?>
<testng-results total="6" passed="6" failed="0" skipped="0">
  <reporter-output>
  </reporter-output>
  <suite started-at="2022-06-26T09:45:41Z" name="TestSuite" finished-at="2022-06-26T09:46:13Z" duration-ms="31739">
    <groups>
    </groups>
    <test started-at="2022-06-26T09:45:41Z" name="ChromeTest" finished-at="2022-06-26T09:45:56Z" duration-ms="15582">
      <class name="testscripts.TestSwagLabs">
        <test-method is-config="true" signature="openBrowser(java.lang.String)[pri:0, instance:testscripts.TestSwagLabs@4648ce9]" started-at="2022-06-26T15:15:41Z" name="openBrowser" finished-at="2022-06-26T15:15:44Z" duration-ms="3100" status="PASS">
          <params>
            <param index="0">
              <value>
                <![CDATA[chrome]]>
              </value>
            </param>
          </params>
          <reporter-output>
          </reporter-output>
        </test-method> <!-- openBrowser -->
        <test-method is-config="true" signature="report()[pri:0, instance:testscripts.TestSwagLabs@4648ce9]" started-at="2022-06-26T15:15:44Z" name="report" finished-at="2022-06-26T15:15:44Z" depends-on-methods="utils.BaseClass.openBrowser" duration-ms="208" status="PASS">
          <reporter-output>
          </reporter-output>
        </test-method> <!-- report -->
        <test-method signature="Data()[pri:0, instance:testscripts.TestSwagLabs@4648ce9]" started-at="2022-06-26T15:15:44Z" name="Data" finished-at="2022-06-26T15:15:45Z" duration-ms="1177" status="PASS">
          <reporter-output>
          </reporter-output>
        </test-method> <!-- Data -->
        <test-method signature="Login()[pri:0, instance:testscripts.TestSwagLabs@4648ce9]" started-at="2022-06-26T15:15:45Z" name="Login" finished-at="2022-06-26T15:15:50Z" duration-ms="4190" status="PASS">
          <reporter-output>
          </reporter-output>
        </test-method> <!-- Login -->
        <test-method signature="OrderProduct()[pri:0, instance:testscripts.TestSwagLabs@4648ce9]" started-at="2022-06-26T15:15:50Z" name="OrderProduct" finished-at="2022-06-26T15:15:55Z" duration-ms="5045" status="PASS">
          <reporter-output>
          </reporter-output>
        </test-method> <!-- OrderProduct -->
        <test-method is-config="true" signature="Teardown()[pri:0, instance:testscripts.TestSwagLabs@4648ce9]" started-at="2022-06-26T15:15:55Z" name="Teardown" finished-at="2022-06-26T15:15:56Z" duration-ms="1839" status="PASS">
          <reporter-output>
          </reporter-output>
        </test-method> <!-- Teardown -->
      </class> <!-- testscripts.TestSwagLabs -->
    </test> <!-- ChromeTest -->
    <test started-at="2022-06-26T09:45:57Z" name="FirefoxTest" finished-at="2022-06-26T09:46:13Z" duration-ms="16117">
      <class name="testscripts.TestSwagLabs">
        <test-method is-config="true" signature="openBrowser(java.lang.String)[pri:0, instance:testscripts.TestSwagLabs@751d3241]" started-at="2022-06-26T15:15:57Z" name="openBrowser" finished-at="2022-06-26T15:16:01Z" duration-ms="4625" status="PASS">
          <params>
            <param index="0">
              <value>
                <![CDATA[firefox]]>
              </value>
            </param>
          </params>
          <reporter-output>
          </reporter-output>
        </test-method> <!-- openBrowser -->
        <test-method is-config="true" signature="report()[pri:0, instance:testscripts.TestSwagLabs@751d3241]" started-at="2022-06-26T15:16:01Z" name="report" finished-at="2022-06-26T15:16:01Z" depends-on-methods="utils.BaseClass.openBrowser" duration-ms="6" status="PASS">
          <reporter-output>
          </reporter-output>
        </test-method> <!-- report -->
        <test-method signature="Data()[pri:0, instance:testscripts.TestSwagLabs@751d3241]" started-at="2022-06-26T15:16:01Z" name="Data" finished-at="2022-06-26T15:16:01Z" duration-ms="72" status="PASS">
          <reporter-output>
          </reporter-output>
        </test-method> <!-- Data -->
        <test-method signature="Login()[pri:0, instance:testscripts.TestSwagLabs@751d3241]" started-at="2022-06-26T15:16:01Z" name="Login" finished-at="2022-06-26T15:16:05Z" duration-ms="4244" status="PASS">
          <reporter-output>
          </reporter-output>
        </test-method> <!-- Login -->
        <test-method signature="OrderProduct()[pri:0, instance:testscripts.TestSwagLabs@751d3241]" started-at="2022-06-26T15:16:05Z" name="OrderProduct" finished-at="2022-06-26T15:16:10Z" duration-ms="4928" status="PASS">
          <reporter-output>
          </reporter-output>
        </test-method> <!-- OrderProduct -->
        <test-method is-config="true" signature="Teardown()[pri:0, instance:testscripts.TestSwagLabs@751d3241]" started-at="2022-06-26T15:16:10Z" name="Teardown" finished-at="2022-06-26T15:16:13Z" duration-ms="2236" status="PASS">
          <reporter-output>
          </reporter-output>
        </test-method> <!-- Teardown -->
      </class> <!-- testscripts.TestSwagLabs -->
    </test> <!-- FirefoxTest -->
  </suite> <!-- TestSuite -->
</testng-results>
