<?xml version="1.0" encoding="UTF-8"?>
<testng-results total="8" passed="8" failed="0" skipped="0">
  <reporter-output>
  </reporter-output>
  <suite started-at="2022-06-27T08:20:49Z" name="TestSuite" finished-at="2022-06-27T08:21:14Z" duration-ms="24861">
    <groups>
    </groups>
    <test started-at="2022-06-27T08:20:49Z" name="ChromeTest" finished-at="2022-06-27T08:21:01Z" duration-ms="12268">
      <class name="testscripts.TestSwagLabs">
        <test-method is-config="true" signature="report()[pri:0, instance:testscripts.TestSwagLabs@4648ce9]" started-at="2022-06-27T13:50:49Z" name="report" finished-at="2022-06-27T13:50:50Z" duration-ms="1096" status="PASS">
          <reporter-output>
          </reporter-output>
        </test-method> <!-- report -->
        <test-method signature="OpenBrowser(java.lang.String)[pri:0, instance:testscripts.TestSwagLabs@4648ce9]" started-at="2022-06-27T13:50:50Z" name="OpenBrowser" finished-at="2022-06-27T13:50:52Z" duration-ms="2120" status="PASS">
          <params>
            <param index="0">
              <value>
                <![CDATA[chrome]]>
              </value>
            </param>
          </params>
          <reporter-output>
          </reporter-output>
        </test-method> <!-- OpenBrowser -->
        <test-method signature="TestData()[pri:0, instance:testscripts.TestSwagLabs@4648ce9]" started-at="2022-06-27T13:50:52Z" name="TestData" finished-at="2022-06-27T13:50:53Z" duration-ms="585" status="PASS">
          <reporter-output>
          </reporter-output>
        </test-method> <!-- TestData -->
        <test-method signature="Login()[pri:0, instance:testscripts.TestSwagLabs@4648ce9]" started-at="2022-06-27T13:50:53Z" name="Login" finished-at="2022-06-27T13:50:55Z" duration-ms="2495" status="PASS">
          <reporter-output>
          </reporter-output>
        </test-method> <!-- Login -->
        <test-method signature="OrderaProduct()[pri:0, instance:testscripts.TestSwagLabs@4648ce9]" started-at="2022-06-27T13:50:55Z" name="OrderaProduct" finished-at="2022-06-27T13:50:59Z" duration-ms="3920" status="PASS">
          <reporter-output>
          </reporter-output>
        </test-method> <!-- OrderaProduct -->
        <test-method is-config="true" signature="Teardown()[pri:0, instance:testscripts.TestSwagLabs@4648ce9]" started-at="2022-06-27T13:50:59Z" name="Teardown" finished-at="2022-06-27T13:51:01Z" duration-ms="2035" status="PASS">
          <reporter-output>
          </reporter-output>
        </test-method> <!-- Teardown -->
      </class> <!-- testscripts.TestSwagLabs -->
    </test> <!-- ChromeTest -->
    <test started-at="2022-06-27T08:21:01Z" name="FirefoxTest" finished-at="2022-06-27T08:21:14Z" duration-ms="12574">
      <class name="testscripts.TestSwagLabs">
        <test-method is-config="true" signature="report()[pri:0, instance:testscripts.TestSwagLabs@6175619b]" started-at="2022-06-27T13:51:01Z" name="report" finished-at="2022-06-27T13:51:02Z" duration-ms="1016" status="PASS">
          <reporter-output>
          </reporter-output>
        </test-method> <!-- report -->
        <test-method signature="OpenBrowser(java.lang.String)[pri:0, instance:testscripts.TestSwagLabs@6175619b]" started-at="2022-06-27T13:51:02Z" name="OpenBrowser" finished-at="2022-06-27T13:51:06Z" duration-ms="3668" status="PASS">
          <params>
            <param index="0">
              <value>
                <![CDATA[firefox]]>
              </value>
            </param>
          </params>
          <reporter-output>
          </reporter-output>
        </test-method> <!-- OpenBrowser -->
        <test-method signature="TestData()[pri:0, instance:testscripts.TestSwagLabs@6175619b]" started-at="2022-06-27T13:51:06Z" name="TestData" finished-at="2022-06-27T13:51:06Z" duration-ms="97" status="PASS">
          <reporter-output>
          </reporter-output>
        </test-method> <!-- TestData -->
        <test-method signature="Login()[pri:0, instance:testscripts.TestSwagLabs@6175619b]" started-at="2022-06-27T13:51:06Z" name="Login" finished-at="2022-06-27T13:51:08Z" duration-ms="2174" status="PASS">
          <reporter-output>
          </reporter-output>
        </test-method> <!-- Login -->
        <test-method signature="OrderaProduct()[pri:0, instance:testscripts.TestSwagLabs@6175619b]" started-at="2022-06-27T13:51:08Z" name="OrderaProduct" finished-at="2022-06-27T13:51:12Z" duration-ms="3354" status="PASS">
          <reporter-output>
          </reporter-output>
        </test-method> <!-- OrderaProduct -->
        <test-method is-config="true" signature="Teardown()[pri:0, instance:testscripts.TestSwagLabs@6175619b]" started-at="2022-06-27T13:51:12Z" name="Teardown" finished-at="2022-06-27T13:51:14Z" duration-ms="2260" status="PASS">
          <reporter-output>
          </reporter-output>
        </test-method> <!-- Teardown -->
      </class> <!-- testscripts.TestSwagLabs -->
    </test> <!-- FirefoxTest -->
  </suite> <!-- TestSuite -->
</testng-results>
